<?xml version="1.0" encoding="UTF-8"?>
<testsuite xmlns:xsi="http://www.w3.org/2001/XMLSchema-instance" xsi:noNamespaceSchemaLocation="https://maven.apache.org/surefire/maven-surefire-plugin/xsd/surefire-test-report-3.0.xsd" version="3.0" name="com.venturenix.demospringbootexercise2.CoingeckoControllerTests" time="1.311" tests="1" errors="0" skipped="0" failures="0">
  <properties>
[...]
</properties>
  <testcase name="testCoingecko" classname="com.venturenix.demospringbootexercise2.CoingeckoControllerTests" time="0.01">
    <system-out><![CDATA[11:20:12.620 [main] INFO org.springframework.test.context.support.AnnotationConfigContextLoaderUtils -- Could not detect default configuration classes for test class [com.venturenix.demospringbootexercise2.CoingeckoControllerTests]: CoingeckoControllerTests does not declare any static, non-private, non-final, nested classes annotated with @Configuration.
11:20:12.672 [main] INFO org.springframework.boot.test.context.SpringBootTestContextBootstrapper -- Found @SpringBootConfiguration com.venturenix.demospringbootexercise2.DemoSpringBootExercise2Application for test class com.venturenix.demospringbootexercise2.CoingeckoControllerTests
11:20:12.706 [main] INFO org.springframework.boot.devtools.restart.RestartApplicationListener -- Restart disabled due to context in which it is running

  .   ____          _            __ _ _
 /\\ / ___'_ __ _ _(_)_ __  __ _ \ \ \ \
( ( )\___ | '_ | '_| | '_ \/ _` | \ \ \ \
 \\/  ___)| |_)| | | | | || (_| |  ) ) ) )
  '  |____| .__|_| |_|_| |_\__, | / / / /
 =========|_|==============|___/=/_/_/_/
 :: Spring Boot ::                (v3.2.2)

2024-02-23T11:20:12.850+08:00  INFO 80735 --- [           main] c.v.d.CoingeckoControllerTests           : Starting CoingeckoControllerTests using Java 21.0.1 with PID 80735 (started by samuelli in /Users/samuelli/bc-crypto-coingecko)
2024-02-23T11:20:12.851+08:00  INFO 80735 --- [           main] c.v.d.CoingeckoControllerTests           : No active profile set, falling back to 1 default profile: "default"
2024-02-23T11:20:13.803+08:00  INFO 80735 --- [           main] o.s.b.t.m.w.SpringBootMockServletContext : Initializing Spring TestDispatcherServlet ''
2024-02-23T11:20:13.803+08:00  INFO 80735 --- [           main] o.s.t.web.servlet.TestDispatcherServlet  : Initializing Servlet ''
2024-02-23T11:20:13.804+08:00  INFO 80735 --- [           main] o.s.t.web.servlet.TestDispatcherServlet  : Completed initialization in 1 ms
2024-02-23T11:20:13.814+08:00  INFO 80735 --- [           main] c.v.d.CoingeckoControllerTests           : Started CoingeckoControllerTests in 1.114 seconds (process running for 1.548)
]]></system-out>
    <system-err><![CDATA[WARNING: A Java agent has been loaded dynamically (/Users/samuelli/.m2/repository/net/bytebuddy/byte-buddy-agent/1.14.11/byte-buddy-agent-1.14.11.jar)
WARNING: If a serviceability tool is in use, please run with -XX:+EnableDynamicAgentLoading to hide this warning
WARNING: If a serviceability tool is not in use, please run with -Djdk.instrument.traceUsage for more information
WARNING: Dynamic loading of agents will be disallowed by default in a future release
]]></system-err>
  </testcase>
</testsuite>