<?xml version="1.0" encoding="UTF-8"?>
<testsuite xmlns:xsi="http://www.w3.org/2001/XMLSchema-instance" xsi:noNamespaceSchemaLocation="https://maven.apache.org/surefire/maven-surefire-plugin/xsd/surefire-test-report-3.0.xsd" version="3.0" name="com.venturenix.demospringbootexercise2.DemoSpringBootExercise2ApplicationTests" time="1.422" tests="1" errors="0" skipped="0" failures="0">
  <properties>
[...]
</properties>
  <testcase name="contextLoads" classname="com.venturenix.demospringbootexercise2.DemoSpringBootExercise2ApplicationTests" time="0.002">
    <system-out><![CDATA[2024-02-23T11:20:13.835+08:00  INFO 80735 --- [           main] t.c.s.AnnotationConfigContextLoaderUtils : Could not detect default configuration classes for test class [com.venturenix.demospringbootexercise2.DemoSpringBootExercise2ApplicationTests]: DemoSpringBootExercise2ApplicationTests does not declare any static, non-private, non-final, nested classes annotated with @Configuration.
2024-02-23T11:20:13.836+08:00  INFO 80735 --- [           main] .b.t.c.SpringBootTestContextBootstrapper : Found @SpringBootConfiguration com.venturenix.demospringbootexercise2.DemoSpringBootExercise2Application for test class com.venturenix.demospringbootexercise2.DemoSpringBootExercise2ApplicationTests
2024-02-23T11:20:13.839+08:00  INFO 80735 --- [           main] o.s.b.d.r.RestartApplicationListener     : Restart disabled due to context in which it is running

  .   ____          _            __ _ _
 /\\ / ___'_ __ _ _(_)_ __  __ _ \ \ \ \
( ( )\___ | '_ | '_| | '_ \/ _` | \ \ \ \
 \\/  ___)| |_)| | | | | || (_| |  ) ) ) )
  '  |____| .__|_| |_|_| |_\__, | / / / /
 =========|_|==============|___/=/_/_/_/
 :: Spring Boot ::                (v3.2.2)

2024-02-23T11:20:13.855+08:00  INFO 80735 --- [           main] .DemoSpringBootExercise2ApplicationTests : Starting DemoSpringBootExercise2ApplicationTests using Java 21.0.1 with PID 80735 (started by samuelli in /Users/samuelli/bc-crypto-coingecko)
2024-02-23T11:20:13.855+08:00  INFO 80735 --- [           main] .DemoSpringBootExercise2ApplicationTests : No active profile set, falling back to 1 default profile: "default"
2024-02-23T11:20:14.010+08:00  INFO 80735 --- [           main] .s.d.r.c.RepositoryConfigurationDelegate : Multiple Spring Data modules found, entering strict repository configuration mode
2024-02-23T11:20:14.011+08:00  INFO 80735 --- [           main] .s.d.r.c.RepositoryConfigurationDelegate : Bootstrapping Spring Data JPA repositories in DEFAULT mode.
2024-02-23T11:20:14.029+08:00  INFO 80735 --- [           main] .s.d.r.c.RepositoryConfigurationDelegate : Finished Spring Data repository scanning in 15 ms. Found 1 JPA repository interface.
2024-02-23T11:20:14.038+08:00  INFO 80735 --- [           main] .s.d.r.c.RepositoryConfigurationDelegate : Multiple Spring Data modules found, entering strict repository configuration mode
2024-02-23T11:20:14.038+08:00  INFO 80735 --- [           main] .s.d.r.c.RepositoryConfigurationDelegate : Bootstrapping Spring Data Redis repositories in DEFAULT mode.
2024-02-23T11:20:14.044+08:00  INFO 80735 --- [           main] .RepositoryConfigurationExtensionSupport : Spring Data Redis - Could not safely identify store assignment for repository candidate interface com.venturenix.demospringbootexercise2.repository.CoingeckoRepo; If you want this repository to be a Redis repository, consider annotating your entities with one of these annotations: org.springframework.data.redis.core.RedisHash (preferred), or consider extending one of the following types with your repository: org.springframework.data.keyvalue.repository.KeyValueRepository
2024-02-23T11:20:14.044+08:00  INFO 80735 --- [           main] .s.d.r.c.RepositoryConfigurationDelegate : Finished Spring Data repository scanning in 2 ms. Found 0 Redis repository interfaces.
2024-02-23T11:20:14.187+08:00  INFO 80735 --- [           main] o.hibernate.jpa.internal.util.LogHelper  : HHH000204: Processing PersistenceUnitInfo [name: default]
2024-02-23T11:20:14.217+08:00  INFO 80735 --- [           main] org.hibernate.Version                    : HHH000412: Hibernate ORM core version 6.4.1.Final
2024-02-23T11:20:14.231+08:00  INFO 80735 --- [           main] o.h.c.internal.RegionFactoryInitiator    : HHH000026: Second-level cache disabled
2024-02-23T11:20:14.278+08:00  INFO 80735 --- [           main] o.s.o.j.p.SpringPersistenceUnitInfo      : No LoadTimeWeaver setup: ignoring JPA class transformer
2024-02-23T11:20:14.290+08:00  INFO 80735 --- [           main] com.zaxxer.hikari.HikariDataSource       : HikariPool-1 - Starting...
2024-02-23T11:20:14.432+08:00  INFO 80735 --- [           main] com.zaxxer.hikari.pool.HikariPool        : HikariPool-1 - Added connection org.postgresql.jdbc.PgConnection@1d6a22dd
2024-02-23T11:20:14.432+08:00  INFO 80735 --- [           main] com.zaxxer.hikari.HikariDataSource       : HikariPool-1 - Start completed.
2024-02-23T11:20:14.459+08:00  WARN 80735 --- [           main] org.hibernate.orm.deprecation            : HHH90000025: PostgreSQLDialect does not need to be specified explicitly using 'hibernate.dialect' (remove the property setting and it will be selected by default)
2024-02-23T11:20:14.781+08:00  INFO 80735 --- [           main] o.h.e.t.j.p.i.JtaPlatformInitiator       : HHH000489: No JTA platform available (set 'hibernate.transaction.jta.platform' to enable JTA platform integration)
2024-02-23T11:20:14.863+08:00  INFO 80735 --- [           main] j.LocalContainerEntityManagerFactoryBean : Initialized JPA EntityManagerFactory for persistence unit 'default'
2024-02-23T11:20:15.149+08:00  WARN 80735 --- [           main] JpaBaseConfiguration$JpaWebConfiguration : spring.jpa.open-in-view is enabled by default. Therefore, database queries may be performed during view rendering. Explicitly configure spring.jpa.open-in-view to disable this warning
2024-02-23T11:20:15.250+08:00  INFO 80735 --- [           main] .DemoSpringBootExercise2ApplicationTests : Started DemoSpringBootExercise2ApplicationTests in 1.411 seconds (process running for 2.983)
]]></system-out>
  </testcase>
</testsuite>